
--- NEW SESSION: 03/11/2024 23:27:19 ---
/Config.time = 1.87
/Config.animate = 1
/Floor.time = 1.87
/Floor.animate = 1
/Config.time = 1.87
/Config.animate = 1
/Floor.time = 1.87
/Floor.animate = 1
/Config.time = 1.87
/Config.animate = 1
/Floor.time = 1.87
/Floor.animate = 1
/Cube/mstate.showColor = 1 1 1 1
/Cube/mstate.scale3d = 8 8 8
/Cube/mstate.velocity = -6.04344e-09 2.06057e-13 5.96982e-09 -2.26069e-14 5.77217e-10 2.7936e-14
/Cube/mstate.free_velocity = -5.86948e-09 -9.81 5.79801e-09 5.55112e-16 5.60145e-10 -5.84116e-14
/Cube/mstate.constraint = Constraint ID : 0  dof ID : 0  value : -3.56524e-11 1 7.10543e-16 -20 -7.13049e-10 7.30855e-06  
Constraint ID : 1  dof ID : 0  value : -3.56522e-11 1 3.56522e-11 -20 -9.49737e-11 -17.3361  
Constraint ID : 2  dof ID : 0  value : -1.76442e-11 1 1.76421e-11 1.12444e-05 1.12608e-20 1.12452e-05  
Constraint ID : 3  dof ID : 0  value : 3.65574e-13 1 -3.6664e-13 -20 1.46443e-11 20  
Constraint ID : 4  dof ID : 0  value : -1.76431e-11 1 1.76428e-11 -18.6681 -6.6323e-15 -18.6681  
Constraint ID : 5  dof ID : 0  value : 0 1 -3.66187e-13 2.12044e-05 7.32374e-12 20  
Constraint ID : 6  dof ID : 0  value : 3.67706e-13 1 -3.65574e-13 -17.3361 -9.36897e-13 -20  
Constraint ID : 7  dof ID : 0  value : 3.55271e-16 1 -3.66802e-13 1.63857e-05 -7.33603e-12 -20  
Constraint ID : 8  dof ID : 0  value : -3.56529e-11 1 -3.56511e-11 20 1.42608e-09 20  
Constraint ID : 9  dof ID : 0  value : -3.56521e-11 1 0 20 7.13043e-10 1.68681e-06  
Constraint ID : 10  dof ID : 0  value : -3.56533e-11 1 3.56529e-11 20 1.42612e-09 -20  
Constraint ID : 11  dof ID : 0  value : 6.74677e-07 1 6.74712e-07 -2.24945e-06 -1.51741e-11 2.47391e-05  
Constraint ID : 12  dof ID : 0  value : -1.33935e-06 1 1.33935e-06 -20 -5.35742e-05 20  
Constraint ID : 13  dof ID : 0  value : 1.13048e-06 1 1.13048e-06 20 -4.52192e-05 20  
Constraint ID : 14  dof ID : 0  value : -1.13539e-06 1 1.13539e-06 20 4.54155e-05 -20  
Constraint ID : 15  dof ID : 0  value : 0 1 3.55271e-16 -20 7.10543e-15 -20  

/Cube/mstate.showColor = 1 1 1 1
/Cube/mstate.lambda = -5.21899e-10 29.424 5.15395e-10 0.120612 5.15588e-11 0.120613
/Cube/mstate.constraint_dx = -1.73963e-12 0.0981 1.71809e-12 -2.3162e-16 1.70718e-13 8.63476e-16
